Using pre-set license
Built from '2020.3/staging' branch; Version is '2020.3.4f1 (0abb6314276a) revision 703331'; Using compiler version '192528614'; Build Type 'Release'
OS: 'Windows 10 Home; OS build 19042.1052; Version 2009; 64bit' Language: 'sv' Physical Memory: 16292 MB
BatchMode: 1, IsHumanControllingUs: 0, StartBugReporterOnCrash: 0, Is64bit: 1, IsPro: 0

 COMMAND LINE ARGUMENTS:
C:\Program Files\Unity\Hub\Editor\2020.3.4f1\Editor\Unity.exe
-adb2
-batchMode
-noUpm
-name
AssetImportWorker0
-projectPath
D:/UnityProjects/Breakout
-logFile
Logs/AssetImportWorker0.log
-srvPort
63552
Successfully changed project path to: D:/UnityProjects/Breakout
D:/UnityProjects/Breakout
Using Asset Import Pipeline V2.
Refreshing native plugins compatible for Editor in 42.32 ms, found 1 plugins.
Preloading 0 native plugins for Editor in 0.00 ms.
Initialize engine version: 2020.3.4f1 (0abb6314276a)
[Subsystems] Discovering subsystems at path C:/Program Files/Unity/Hub/Editor/2020.3.4f1/Editor/Data/Resources/UnitySubsystems
[Subsystems] Discovering subsystems at path D:/UnityProjects/Breakout/Assets
GfxDevice: creating device client; threaded=0
Direct3D:
    Version:  Direct3D 11.0 [level 11.1]
    Renderer: NVIDIA GeForce RTX 3070 (ID=0x2484)
    Vendor:   
    VRAM:     8043 MB
    Driver:   27.21.14.6192
Initialize mono
Mono path[0] = 'C:/Program Files/Unity/Hub/Editor/2020.3.4f1/Editor/Data/Managed'
Mono path[1] = 'C:/Program Files/Unity/Hub/Editor/2020.3.4f1/Editor/Data/MonoBleedingEdge/lib/mono/unityjit'
Mono config path = 'C:/Program Files/Unity/Hub/Editor/2020.3.4f1/Editor/Data/MonoBleedingEdge/etc'
Using monoOptions --debugger-agent=transport=dt_socket,embedding=1,server=y,suspend=n,address=127.0.0.1:56908
Begin MonoManager ReloadAssembly
Registering precompiled unity dll's ...
Register platform support module: C:/Program Files/Unity/Hub/Editor/2020.3.4f1/Editor/Data/PlaybackEngines/WindowsStandaloneSupport/UnityEditor.WindowsStandalone.Extensions.dll
Registered in 0.001765 seconds.
Native extension for WindowsStandalone target not found
Refreshing native plugins compatible for Editor in 34.67 ms, found 1 plugins.
Preloading 0 native plugins for Editor in 0.00 ms.
Mono: successfully reloaded assembly
- Completed reload, in  2.045 seconds
Platform modules already initialized, skipping
Registering precompiled user dll's ...
Registered in 0.000652 seconds.
Begin MonoManager ReloadAssembly
Native extension for WindowsStandalone target not found
Refreshing native plugins compatible for Editor in 35.30 ms, found 1 plugins.
Preloading 0 native plugins for Editor in 0.00 ms.
Mono: successfully reloaded assembly
- Completed reload, in  0.790 seconds
Platform modules already initialized, skipping
========================================================================
Worker process is ready to serve import requests
Launched and connected shader compiler UnityShaderCompiler.exe after 0.04 seconds
Refreshing native plugins compatible for Editor in 0.34 ms, found 1 plugins.
Preloading 0 native plugins for Editor in 0.00 ms.
Unloading 1946 Unused Serialized files (Serialized files now loaded: 0)
System memory in use before: 165.6 MB.
System memory in use after: 165.7 MB.

Unloading 19 unused Assets to reduce memory usage. Loaded Objects now: 2399.
Total: 1.771500 ms (FindLiveObjects: 0.208200 ms CreateObjectMapping: 0.044800 ms MarkObjects: 1.464900 ms  DeleteObjects: 0.052800 ms)

========================================================================
Received Import Request.
  path: Assets/LevelImages/Level_1.PNG
  artifactKey: Guid(d557b3d28c7579346b8748e6a2c69cac) Importer(815301076,1909f56bfc062723c751e8b465ee728b)
Start importing Assets/LevelImages/Level_1.PNG using Guid(d557b3d28c7579346b8748e6a2c69cac) Importer(815301076,1909f56bfc062723c751e8b465ee728b)  -> (artifact id: 'da8310dbdf039a89e99072a018831518') in 0.092680 seconds
  Import took 0.095766 seconds .

========================================================================
Received Import Request.
  Time since last request: 0.000191 seconds.
  path: Assets/LevelImages/Level_3.png
  artifactKey: Guid(1200add2ecd36ad4b810d11c4c59f555) Importer(815301076,1909f56bfc062723c751e8b465ee728b)
Start importing Assets/LevelImages/Level_3.png using Guid(1200add2ecd36ad4b810d11c4c59f555) Importer(815301076,1909f56bfc062723c751e8b465ee728b)  -> (artifact id: '7c48bf9bc96762313f0749705ba7f70b') in 0.016494 seconds
  Import took 0.019034 seconds .

========================================================================
Received Import Request.
  Time since last request: 0.000190 seconds.
  path: Assets/LevelImages/Level_2.PNG
  artifactKey: Guid(dacb704616c17a8489172ebba972dbfb) Importer(815301076,1909f56bfc062723c751e8b465ee728b)
Start importing Assets/LevelImages/Level_2.PNG using Guid(dacb704616c17a8489172ebba972dbfb) Importer(815301076,1909f56bfc062723c751e8b465ee728b)  -> (artifact id: 'ad01046d2084e1e6e3843311cffcbb02') in 0.018756 seconds
  Import took 0.021520 seconds .

========================================================================
Received Import Request.
  Time since last request: 0.000152 seconds.
  path: Assets/LevelImages/bu.png
  artifactKey: Guid(3ffdc614e8c155543a7926d3034f3f3f) Importer(815301076,1909f56bfc062723c751e8b465ee728b)
Start importing Assets/LevelImages/bu.png using Guid(3ffdc614e8c155543a7926d3034f3f3f) Importer(815301076,1909f56bfc062723c751e8b465ee728b)  -> (artifact id: 'b137042b1326e9848803ce91ca00937c') in 0.012418 seconds
  Import took 0.014853 seconds .

========================================================================
Received Prepare
Refreshing native plugins compatible for Editor in 1.66 ms, found 1 plugins.
Preloading 0 native plugins for Editor in 0.00 ms.
Unloading 6 Unused Serialized files (Serialized files now loaded: 0)
System memory in use before: 127.2 MB.
System memory in use after: 127.3 MB.

Unloading 5 unused Assets to reduce memory usage. Loaded Objects now: 2411.
Total: 2.009600 ms (FindLiveObjects: 0.191300 ms CreateObjectMapping: 0.042200 ms MarkObjects: 1.760500 ms  DeleteObjects: 0.014600 ms)

========================================================================
Received Prepare
Registering precompiled user dll's ...
Registered in 0.000679 seconds.
Begin MonoManager ReloadAssembly
Native extension for WindowsStandalone target not found
Refreshing native plugins compatible for Editor in 0.35 ms, found 1 plugins.
Preloading 0 native plugins for Editor in 0.00 ms.
Mono: successfully reloaded assembly
- Completed reload, in  0.749 seconds
Platform modules already initialized, skipping
Switching build target platform(5) subTarget(0) extendedPlatform(0) -> platform(13) subTarget(537395200) extendedPlatform(0)
Refreshing native plugins compatible for Editor in 0.35 ms, found 1 plugins.
Preloading 0 native plugins for Editor in 0.00 ms.
Unloading 1903 Unused Serialized files (Serialized files now loaded: 0)
System memory in use before: 164.7 MB.
System memory in use after: 164.8 MB.

Unloading 8 unused Assets to reduce memory usage. Loaded Objects now: 2414.
Total: 1.605600 ms (FindLiveObjects: 0.189200 ms CreateObjectMapping: 0.042200 ms MarkObjects: 1.362300 ms  DeleteObjects: 0.011000 ms)

AssetImportParameters requested are different than current active one (requested -> active):
  custom:graphics/normal-map-encoding: 01000000000000000000000000000000 -> 02000000000000000000000000000000
========================================================================
Received Prepare
Refreshing native plugins compatible for Editor in 1.47 ms, found 1 plugins.
Preloading 0 native plugins for Editor in 0.00 ms.
Unloading 6 Unused Serialized files (Serialized files now loaded: 0)
System memory in use before: 128.3 MB.
System memory in use after: 128.4 MB.

Unloading 5 unused Assets to reduce memory usage. Loaded Objects now: 2414.
Total: 1.844400 ms (FindLiveObjects: 0.369300 ms CreateObjectMapping: 0.107300 ms MarkObjects: 1.354500 ms  DeleteObjects: 0.011800 ms)

========================================================================
Received Prepare
Refreshing native plugins compatible for Editor in 1.39 ms, found 1 plugins.
Preloading 0 native plugins for Editor in 0.00 ms.
Unloading 6 Unused Serialized files (Serialized files now loaded: 0)
System memory in use before: 128.3 MB.
System memory in use after: 128.4 MB.

Unloading 5 unused Assets to reduce memory usage. Loaded Objects now: 2414.
Total: 1.787900 ms (FindLiveObjects: 0.198100 ms CreateObjectMapping: 0.042900 ms MarkObjects: 1.536200 ms  DeleteObjects: 0.009900 ms)

========================================================================
Received Import Request.
  Time since last request: 685.379602 seconds.
  path: Assets/Prefabs/Bricks
  artifactKey: Guid(6c6f673682493df4abe25179352c877c) Importer(815301076,1909f56bfc062723c751e8b465ee728b)
Start importing Assets/Prefabs/Bricks using Guid(6c6f673682493df4abe25179352c877c) Importer(815301076,1909f56bfc062723c751e8b465ee728b)  -> (artifact id: '53bfe2dec79a5d23187d85b4e87a5a62') in 0.006646 seconds
  Import took 0.009574 seconds .

========================================================================
Received Import Request.
  Time since last request: 14.577973 seconds.
  path: Assets/Sprites/Test.mat
  artifactKey: Guid(362e4dd9a9c2dc84daf5fb17882caadd) Importer(815301076,1909f56bfc062723c751e8b465ee728b)
Start importing Assets/Sprites/Test.mat using Guid(362e4dd9a9c2dc84daf5fb17882caadd) Importer(815301076,1909f56bfc062723c751e8b465ee728b)  -> (artifact id: 'c2e41f56a0467fdb2ae177a002d941f1') in 0.134602 seconds
  Import took 0.137598 seconds .

========================================================================
Received Import Request.
  Time since last request: 0.003206 seconds.
  path: Assets/Sprites/Test.mat
  artifactKey: Guid(362e4dd9a9c2dc84daf5fb17882caadd) Importer(815301076,1909f56bfc062723c751e8b465ee728b)
Start importing Assets/Sprites/Test.mat using Guid(362e4dd9a9c2dc84daf5fb17882caadd) Importer(815301076,1909f56bfc062723c751e8b465ee728b)  -> (artifact id: 'c2e41f56a0467fdb2ae177a002d941f1') in 0.007177 seconds
  Import took 0.010082 seconds .

AssetImportWorkerClient::OnTransportError - code=2 error=End of file
